<?xml version="1.0" encoding="UTF-8"?>
<testng-results ignored="0" total="1" passed="1" failed="0" skipped="0">
  <reporter-output>
  </reporter-output>
  <suite started-at="2022-05-30T15:24:36 IST" name="Default suite" finished-at="2022-05-30T15:24:36 IST" duration-ms="316">
    <groups>
    </groups>
    <test started-at="2022-05-30T15:24:36 IST" name="Default test" finished-at="2022-05-30T15:24:36 IST" duration-ms="316">
      <class name="BasicProgramTest.Program2Test">
        <test-method signature="empolyesname()[pri:0, instance:BasicProgramTest.Program2Test@646811d6]" started-at="2022-05-30T15:24:36 IST" name="empolyesname" finished-at="2022-05-30T15:24:36 IST" duration-ms="119" status="PASS">
          <reporter-output>
          </reporter-output>
        </test-method> <!-- empolyesname -->
      </class> <!-- BasicProgramTest.Program2Test -->
    </test> <!-- Default test -->
  </suite> <!-- Default suite -->
</testng-results>
